make --dry-run --always-make --keep-going --print-directory
make: Entering directory `/Users/jakoh/Desktop/minishell'
mkdir -p ./objs
gcc -Wall -Werror -Wextra  -I includes -I libft -c srcs/main.c -o objs/main.o
 
mkdir -p ./objs
gcc -Wall -Werror -Wextra  -I includes -I libft -c srcs/inits.c -o objs/inits.o
mkdir -p ./objs
gcc -Wall -Werror -Wextra  -I includes -I libft -c srcs/node_utils.c -o objs/node_utils.o
mkdir -p ./objs
gcc -Wall -Werror -Wextra  -I includes -I libft -c srcs/checker.c -o objs/checker.o
mkdir -p ./objs
gcc -Wall -Werror -Wextra  -I includes -I libft -c srcs/tokenize.c -o objs/tokenize.o
mkdir -p ./objs
gcc -Wall -Werror -Wextra  -I includes -I libft -c srcs/expand.c -o objs/expand.o
mkdir -p ./objs
gcc -Wall -Werror -Wextra  -I includes -I libft -c srcs/expand_utils.c -o objs/expand_utils.o
mkdir -p ./objs
gcc -Wall -Werror -Wextra  -I includes -I libft -c srcs/here_doc.c -o objs/here_doc.o
mkdir -p ./objs
gcc -Wall -Werror -Wextra  -I includes -I libft -c srcs/env.c -o objs/env.o
mkdir -p ./objs
gcc -Wall -Werror -Wextra  -I includes -I libft -c srcs/error.c -o objs/error.o
mkdir -p ./objs
gcc -Wall -Werror -Wextra  -I includes -I libft -c srcs/direct.c -o objs/direct.o
mkdir -p ./objs
gcc -Wall -Werror -Wextra  -I includes -I libft -c srcs/direct_utils.c -o objs/direct_utils.o
mkdir -p ./objs
gcc -Wall -Werror -Wextra  -I includes -I libft -c srcs/parse.c -o objs/parse.o
 
mkdir -p ./objs
gcc -Wall -Werror -Wextra  -I includes -I libft -c srcs/execution.c -o objs/execution.o
mkdir -p ./objs
gcc -Wall -Werror -Wextra  -I includes -I libft -c srcs/free.c -o objs/free.o
mkdir -p ./objs
gcc -Wall -Werror -Wextra  -I includes -I libft -c srcs/see.c -o objs/see.o
make: Leaving directory `/Users/jakoh/Desktop/minishell'
 
make: *** No rule to make target `objs/parse_utils.o', needed by `minishell'.

