make all --print-data-base --no-builtin-variables --no-builtin-rules --question
# GNU Make 3.81
# Copyright (C) 2006  Free Software Foundation, Inc.
# This is free software; see the source for copying conditions.
# There is NO warranty; not even for MERCHANTABILITY or FITNESS FOR A
# PARTICULAR PURPOSE.

# This program built for i386-apple-darwin11.3.0

# Make data base, printed on Thu Nov  3 13:18:08 2022

# Variables

# automatic
<D = $(patsubst %/,%,$(dir $<))
# automatic
?F = $(notdir $?)
# environment
NVM_INC = /Users/jakoh/.nvm/versions/node/v18.12.0/include/node
# automatic
?D = $(patsubst %/,%,$(dir $?))
# makefile (from `Makefile', line 24)
INC_RL := -I/usr/local/opt/readline/include
# automatic
@D = $(patsubst %/,%,$(dir $@))
# automatic
@F = $(notdir $@)
# makefile
CURDIR := /Users/jakoh/Desktop/minishell
# makefile
SHELL = /bin/sh
# environment
VSCODE_NLS_CONFIG = {"locale":"en-gb","availableLanguages":{},"_languagePackSupport":true}
# environment
_ = /usr/bin/make
# makefile (from `Makefile', line 28)
BLUE := \033[0;34m
# makefile (from `Makefile', line 1)
MAKEFILE_LIST :=  Makefile
# makefile (from `Makefile', line 15)
OBJS := ./objs/main.o ./objs/inits.o ./objs/init_utils.o ./objs/node_utils.o ./objs/checker.o ./objs/tokenize.o ./objs/expand.o ./objs/expand_utils.o ./objs/here_doc.o ./objs/env.o ./objs/error.o ./objs/direct.o ./objs/direct_utils.o ./objs/parse.o ./objs/parse_utils.o ./objs/execution.o ./objs/execution_utils.o ./objs/free1.o ./objs/free2.o ./objs/see.o ./objs/cdpwd.o ./objs/builtins.o ./objs/exportenv.o
# environment
VSCODE_CWD = /
# environment
PATH = /Users/jakoh/.nvm/versions/node/v18.12.0/bin:/usr/local/bin:/usr/bin:/bin:/usr/sbin:/sbin:/usr/local/munki
# environment
LSCOLORS = Gxfxcxdxbxegedabagacad
# environment
NVM_BIN = /Users/jakoh/.nvm/versions/node/v18.12.0/bin
# makefile (from `Makefile', line 3)
SRCS_DIR := ./srcs
# environment
ELECTRON_RUN_AS_NODE = 1
# makefile (from `Makefile', line 23)
LIB := -L./libft -lft -lreadline -L/usr/local/opt/readline/lib
# default
.FEATURES := target-specific order-only second-expansion else-if archives jobserver check-symlink
# makefile (from `Makefile', line 29)
PURPLE := \033[0;35m
# environment
SSH_AUTH_SOCK = /private/tmp/com.apple.launchd.SdqQoaeeX6/Listeners
# automatic
%F = $(notdir $%)
# environment
PWD = /Users/jakoh/Desktop/minishell
# environment
ORIGINAL_XDG_CURRENT_DESKTOP = undefined
# makefile (from `Makefile', line 27)
GREEN := \033[0;32m
# environment
VSCODE_AMD_ENTRYPOINT = vs/workbench/api/node/extensionHostProcess
# environment
HOME = /Users/jakoh
# default
MAKEFILEPATH := /Applications/Xcode.app/Contents/Developer/Makefiles
# environment
VSCODE_CODE_CACHE_PATH = /Users/jakoh/Library/Application Support/Code/CachedData/d045a5eda657f4d7b676dedbfa7aab8207f8a075
# environment
LOGNAME = jakoh
# environment
APPLICATION_INSIGHTS_NO_DIAGNOSTIC_CHANNEL = 1
# environment
NVM_CD_FLAGS = -q
# environment
ZSH = /Users/jakoh/.oh-my-zsh
# environment
VSCODE_HANDLES_UNCAUGHT_ERRORS = true
# automatic
^D = $(patsubst %/,%,$(dir $^))
# environment
XPC_FLAGS = 0x0
# default
MAKE = $(MAKE_COMMAND)
# default
MAKECMDGOALS := all
# makefile (from `Makefile', line 6)
SRCS := main.c inits.c init_utils.c node_utils.c checker.c tokenize.c expand.c expand_utils.c here_doc.c env.c error.c direct.c direct_utils.c parse.c parse_utils.c execution.c execution_utils.c free1.c free2.c see.c cdpwd.c builtins.c exportenv.c
# environment
SHLVL = 1
# makefile (from `Makefile', line 17)
CC := gcc -Wall -Werror -Wextra 
# default
MAKE_VERSION := 3.81
# environment
USER = jakoh
# makefile
.DEFAULT_GOAL := all
# makefile (from `Makefile', line 1)
NAME := minishell
# environment
LESS = -R
# automatic
%D = $(patsubst %/,%,$(dir $%))
# default
MAKE_COMMAND := /Applications/Xcode.app/Contents/Developer/usr/bin/make
# makefile (from `Makefile', line 32)
NC := \033[0m
# default
.VARIABLES := 
# environment
TMPDIR = /var/folders/zz/zyxvpxvq6csfxvn_n000cc1r00330f/T/
# automatic
*F = $(notdir $*)
# environment
VSCODE_IPC_HOOK = /Users/jakoh/Library/Application Support/Code/1.72.2-main.sock
# environment
MallocNanoZone = 0
# makefile (from `Makefile', line 26)
RED := \033[0;31m
# makefile
MAKEFLAGS = Rrqp
# environment
MFLAGS = -Rrqp
# automatic
*D = $(patsubst %/,%,$(dir $*))
# environment
NVM_DIR = /Users/jakoh/.nvm
# environment
XPC_SERVICE_NAME = com.microsoft.VSCode.9060
# makefile (from `Makefile', line 4)
OBJS_DIR := ./objs
# automatic
+D = $(patsubst %/,%,$(dir $+))
# makefile (from `Makefile', line 30)
YELLOW := \033[0;33m
# makefile (from `Makefile', line 31)
CYAN := \033[0;36m
# automatic
+F = $(notdir $+)
# environment
__CF_USER_TEXT_ENCODING = 0x18C0E:0:0
# default
MAKEFILES := 
# automatic
<F = $(notdir $<)
# environment
PAGER = less
# environment
LC_ALL = C
# automatic
^F = $(notdir $^)
# default
SUFFIXES := 
# makefile (from `Makefile', line 19)
FLAGS := -g3 -fsanitize=address
# default
.INCLUDE_DIRS = /usr/local/include
# environment
MAKELEVEL := 0
# environment
LANG = C
# environment
VSCODE_PID = 3310
# variable set hash-table stats:
# Load=80/1024=8%, Rehash=0, Collisions=4/111=4%

# Pattern-specific Variable Values

# No pattern-specific variable values.

# Directories

# . (device 16777228, inode 19040): 14 files, no impossibilities.
# ./srcs (device 16777228, inode 19165): 24 files, 1 impossibilities.
# srcs (device 16777228, inode 19165): 24 files, 1 impossibilities.

# 62 files, 2 impossibilities in 3 directories.

# Implicit Rules

objs/%.o: ./srcs/%.c
#  commands to execute (from `Makefile', line 51):
	@mkdir -p $(OBJS_DIR)
	@$(CC) -I includes -I libft $(INC_RL) -c $< -o $@
	

# 1 implicit rules, 0 (0.0%) terminal.

# Files

# Not a target:
srcs/free2.c:
#  Implicit rule search has been done.
#  Last modified 2022-10-28 16:13:41
#  File has been updated.
#  Successfully updated.
# variable set hash-table stats:
# Load=0/32=0%, Rehash=0, Collisions=0/0=0%

objs/direct_utils.o: srcs/direct_utils.c
#  Implicit rule search has been done.
#  Implicit/static pattern stem: `direct_utils'
#  Last modified 2022-11-03 09:49:46
#  File has been updated.
#  Successfully updated.
# variable set hash-table stats:
# Load=0/32=0%, Rehash=0, Collisions=0/0=0%
#  commands to execute (from `Makefile', line 51):
	@mkdir -p $(OBJS_DIR)
	@$(CC) -I includes -I libft $(INC_RL) -c $< -o $@
	

# Not a target:
srcs/node_utils.c:
#  Implicit rule search has been done.
#  Last modified 2022-10-21 12:58:11
#  File has been updated.
#  Successfully updated.
# variable set hash-table stats:
# Load=0/32=0%, Rehash=0, Collisions=0/0=0%

objs/main.o: srcs/main.c
#  Implicit rule search has been done.
#  Implicit/static pattern stem: `main'
#  Last modified 2022-11-03 09:49:46
#  File has been updated.
#  Successfully updated.
# variable set hash-table stats:
# Load=0/32=0%, Rehash=0, Collisions=0/0=0%
#  commands to execute (from `Makefile', line 51):
	@mkdir -p $(OBJS_DIR)
	@$(CC) -I includes -I libft $(INC_RL) -c $< -o $@
	

all: minishell
#  Phony target (prerequisite of .PHONY).
#  Command-line target.
#  Implicit rule search has not been done.
#  File does not exist.
#  File has been updated.
#  Successfully updated.
# variable set hash-table stats:
# Load=0/32=0%, Rehash=0, Collisions=0/0=0%

objs/error.o: srcs/error.c
#  Implicit rule search has been done.
#  Implicit/static pattern stem: `error'
#  Last modified 2022-11-03 11:48:41
#  File has been updated.
#  Successfully updated.
# variable set hash-table stats:
# Load=0/32=0%, Rehash=0, Collisions=0/0=0%
#  commands to execute (from `Makefile', line 51):
	@mkdir -p $(OBJS_DIR)
	@$(CC) -I includes -I libft $(INC_RL) -c $< -o $@
	

# Not a target:
srcs/exportenv.c:
#  Implicit rule search has been done.
#  Last modified 2022-11-02 11:50:30
#  File has been updated.
#  Successfully updated.
# variable set hash-table stats:
# Load=0/32=0%, Rehash=0, Collisions=0/0=0%

.PHONY: all clean fclean re
#  Implicit rule search has not been done.
#  Modification time never checked.
#  File has not been updated.

objs/parse_utils.o: srcs/parse_utils.c
#  Implicit rule search has been done.
#  Implicit/static pattern stem: `parse_utils'
#  Last modified 2022-11-03 09:49:47
#  File has been updated.
#  Successfully updated.
 
# variable set hash-table stats:
# Load=0/32=0%, Rehash=0, Collisions=0/0=0%
#  commands to execute (from `Makefile', line 51):
	@mkdir -p $(OBJS_DIR)
	@$(CC) -I includes -I libft $(INC_RL) -c $< -o $@
	

objs/expand.o: srcs/expand.c
#  Implicit rule search has been done.
#  Implicit/static pattern stem: `expand'
#  Last modified 2022-11-03 09:49:46
#  File has been updated.
#  Successfully updated.
# variable set hash-table stats:
# Load=0/32=0%, Rehash=0, Collisions=0/0=0%
#  commands to execute (from `Makefile', line 51):
	@mkdir -p $(OBJS_DIR)
	@$(CC) -I includes -I libft $(INC_RL) -c $< -o $@
	

objs/init_utils.o: srcs/init_utils.c
#  Implicit rule search has been done.
#  Implicit/static pattern stem: `init_utils'
#  Last modified 2022-11-03 09:49:46
#  File has been updated.
#  Successfully updated.
# variable set hash-table stats:
# Load=0/32=0%, Rehash=0, Collisions=0/0=0%
#  commands to execute (from `Makefile', line 51):
	@mkdir -p $(OBJS_DIR)
	@$(CC) -I includes -I libft $(INC_RL) -c $< -o $@
	

objs/execution_utils.o: srcs/execution_utils.c
#  Implicit rule search has been done.
#  Implicit/static pattern stem: `execution_utils'
#  Last modified 2022-11-03 11:48:41
#  File has been updated.
#  Successfully updated.
# variable set hash-table stats:
# Load=0/32=0%, Rehash=0, Collisions=0/0=0%
#  commands to execute (from `Makefile', line 51):
	@mkdir -p $(OBJS_DIR)
	@$(CC) -I includes -I libft $(INC_RL) -c $< -o $@
	

objs/cdpwd.o: srcs/cdpwd.c
#  Implicit rule search has been done.
#  Implicit/static pattern stem: `cdpwd'
#  Last modified 2022-11-03 09:49:47
#  File has been updated.
#  Successfully updated.
# variable set hash-table stats:
# Load=0/32=0%, Rehash=0, Collisions=0/0=0%
#  commands to execute (from `Makefile', line 51):
	@mkdir -p $(OBJS_DIR)
	@$(CC) -I includes -I libft $(INC_RL) -c $< -o $@
	

# Not a target:
srcs/direct_utils.c:
#  Implicit rule search has been done.
#  Last modified 2022-10-21 12:58:11
#  File has been updated.
#  Successfully updated.
# variable set hash-table stats:
# Load=0/32=0%, Rehash=0, Collisions=0/0=0%

# Not a target:
.SUFFIXES:
#  Implicit rule search has not been done.
#  Modification time never checked.
#  File has not been updated.

objs/checker.o: srcs/checker.c
#  Implicit rule search has been done.
#  Implicit/static pattern stem: `checker'
#  Last modified 2022-11-03 09:49:46
#  File has been updated.
#  Successfully updated.
# variable set hash-table stats:
# Load=0/32=0%, Rehash=0, Collisions=0/0=0%
#  commands to execute (from `Makefile', line 51):
	@mkdir -p $(OBJS_DIR)
	@$(CC) -I includes -I libft $(INC_RL) -c $< -o $@
	

# Not a target:
Makefile:
#  Implicit rule search has been done.
#  Last modified 2022-11-03 09:49:42
#  File has been updated.
#  Successfully updated.
# variable set hash-table stats:
# Load=0/32=0%, Rehash=0, Collisions=0/0=0%

# Not a target:
srcs/main.c:
#  Implicit rule search has been done.
#  Last modified 2022-11-03 09:48:46
#  File has been updated.
#  Successfully updated.
# variable set hash-table stats:
# Load=0/32=0%, Rehash=0, Collisions=0/0=0%

# Not a target:
srcs/error.c:
#  Implicit rule search has been done.
#  Last modified 2022-11-03 09:59:05
#  File has been updated.
#  Successfully updated.
# variable set hash-table stats:
# Load=0/32=0%, Rehash=0, Collisions=0/0=0%

# Not a target:
srcs/parse_utils.c:
#  Implicit rule search has been done.
#  Last modified 2022-10-28 16:10:45
#  File has been updated.
#  Successfully updated.
# variable set hash-table stats:
# Load=0/32=0%, Rehash=0, Collisions=0/0=0%

# Not a target:
srcs/expand.c:
#  Implicit rule search has been done.
#  Last modified 2022-10-21 12:58:11
#  File has been updated.
#  Successfully updated.
# variable set hash-table stats:
# Load=0/32=0%, Rehash=0, Collisions=0/0=0%

# Not a target:
srcs/init_utils.c:
#  Implicit rule search has been done.
#  Last modified 2022-11-02 11:50:30
#  File has been updated.
#  Successfully updated.
# variable set hash-table stats:
# Load=0/32=0%, Rehash=0, Collisions=0/0=0%

# Not a target:
srcs/execution_utils.c:
#  Implicit rule search has been done.
#  Last modified 2022-11-03 11:48:37
#  File has been updated.
#  Successfully updated.
# variable set hash-table stats:
# Load=0/32=0%, Rehash=0, Collisions=0/0=0%

objs/direct.o: srcs/direct.c
#  Implicit rule search has been done.
#  Implicit/static pattern stem: `direct'
#  Last modified 2022-11-03 09:49:46
#  File has been updated.
#  Successfully updated.
# variable set hash-table stats:
# Load=0/32=0%, Rehash=0, Collisions=0/0=0%
#  commands to execute (from `Makefile', line 51):
	@mkdir -p $(OBJS_DIR)
	@$(CC) -I includes -I libft $(INC_RL) -c $< -o $@
	

objs/inits.o: srcs/inits.c
#  Implicit rule search has been done.
#  Implicit/static pattern stem: `inits'
#  Last modified 2022-11-03 09:49:46
#  File has been updated.
#  Successfully updated.
# variable set hash-table stats:
# Load=0/32=0%, Rehash=0, Collisions=0/0=0%
#  commands to execute (from `Makefile', line 51):
	@mkdir -p $(OBJS_DIR)
	@$(CC) -I includes -I libft $(INC_RL) -c $< -o $@
	

minishell: objs/main.o objs/inits.o objs/init_utils.o objs/node_utils.o objs/checker.o objs/tokenize.o objs/expand.o objs/expand_utils.o objs/here_doc.o objs/env.o objs/error.o objs/direct.o objs/direct_utils.o objs/parse.o objs/parse_utils.o objs/execution.o objs/execution_utils.o objs/free1.o objs/free2.o objs/see.o objs/cdpwd.o objs/builtins.o objs/exportenv.o
#  Implicit rule search has not been done.
#  Last modified 2022-11-03 11:48:42
#  File has been updated.
#  Successfully updated.
# variable set hash-table stats:
# Load=0/32=0%, Rehash=0, Collisions=0/0=0%
#  commands to execute (from `Makefile', line 43):
	make -C ./libft
	$(CC) $(FLAGS) -I includes -I libft $(LIB) $(OBJS) -o $@
	@echo "$(GREEN)Minishell Compiled Successful.$(NC)"
	

# Not a target:
srcs/cdpwd.c:
#  Implicit rule search has been done.
#  Last modified 2022-10-30 15:27:07
#  File has been updated.
#  Successfully updated.
# variable set hash-table stats:
# Load=0/32=0%, Rehash=0, Collisions=0/0=0%

# Not a target:
srcs/tokenize.c:
#  Implicit rule search has been done.
#  Last modified 2022-11-03 09:56:48
#  File has been updated.
#  Successfully updated.
# variable set hash-table stats:
# Load=0/32=0%, Rehash=0, Collisions=0/0=0%

# Not a target:
srcs/checker.c:
#  Implicit rule search has been done.
#  Last modified 2022-10-21 12:58:11
#  File has been updated.
#  Successfully updated.
# variable set hash-table stats:
# Load=0/32=0%, Rehash=0, Collisions=0/0=0%

fclean: clean
#  Phony target (prerequisite of .PHONY).
#  Implicit rule search has not been done.
#  File does not exist.
#  File has not been updated.
#  commands to execute (from `Makefile', line 61):
	@rm -rf $(NAME)
	@make fclean -C ./libft
	@echo "$(RED)Full Cleaned.$(NC)"
	

# Not a target:
objs/see.o:
#  Implicit rule search has been done.
#  Last modified 2022-11-03 09:49:47
#  File has been updated.
#  Successfully updated.
# variable set hash-table stats:
# Load=0/32=0%, Rehash=0, Collisions=0/0=0%

objs/parse.o: srcs/parse.c
#  Implicit rule search has been done.
#  Implicit/static pattern stem: `parse'
#  Last modified 2022-11-03 09:49:47
#  File has been updated.
#  Successfully updated.
# variable set hash-table stats:
# Load=0/32=0%, Rehash=0, Collisions=0/0=0%
#  commands to execute (from `Makefile', line 51):
	@mkdir -p $(OBJS_DIR)
	@$(CC) -I includes -I libft $(INC_RL) -c $< -o $@
	

objs/execution.o: srcs/execution.c
#  Implicit rule search has been done.
#  Implicit/static pattern stem: `execution'
#  Last modified 2022-11-03 09:49:47
#  File has been updated.
#  Successfully updated.
# variable set hash-table stats:
# Load=0/32=0%, Rehash=0, Collisions=0/0=0%
#  commands to execute (from `Makefile', line 51):
	@mkdir -p $(OBJS_DIR)
	@$(CC) -I includes -I libft $(INC_RL) -c $< -o $@
	

# Not a target:
.DEFAULT:
#  Implicit rule search has not been done.
#  Modification time never checked.
#  File has not been updated.

# Not a target:
srcs/direct.c:
#  Implicit rule search has been done.
#  Last modified 2022-10-28 15:32:33
#  File has been updated.
#  Successfully updated.
 
# variable set hash-table stats:
# Load=0/32=0%, Rehash=0, Collisions=0/0=0%

# Not a target:
srcs/inits.c:
#  Implicit rule search has been done.
#  Last modified 2022-11-01 17:25:55
#  File has been updated.
#  Successfully updated.
# variable set hash-table stats:
# Load=0/32=0%, Rehash=0, Collisions=0/0=0%

objs/free1.o: srcs/free1.c
#  Implicit rule search has been done.
#  Implicit/static pattern stem: `free1'
#  Last modified 2022-11-03 09:49:47
#  File has been updated.
#  Successfully updated.
# variable set hash-table stats:
# Load=0/32=0%, Rehash=0, Collisions=0/0=0%
#  commands to execute (from `Makefile', line 51):
	@mkdir -p $(OBJS_DIR)
	@$(CC) -I includes -I libft $(INC_RL) -c $< -o $@
	

objs/tokenize.o: srcs/tokenize.c
#  Implicit rule search has been done.
#  Implicit/static pattern stem: `tokenize'
#  Last modified 2022-11-03 09:56:50
#  File has been updated.
#  Successfully updated.
# variable set hash-table stats:
# Load=0/32=0%, Rehash=0, Collisions=0/0=0%
#  commands to execute (from `Makefile', line 51):
	@mkdir -p $(OBJS_DIR)
	@$(CC) -I includes -I libft $(INC_RL) -c $< -o $@
	

re: fclean all
#  Phony target (prerequisite of .PHONY).
#  Implicit rule search has not been done.
#  File does not exist.
#  File has not been updated.

objs/builtins.o: srcs/builtins.c
#  Implicit rule search has been done.
#  Implicit/static pattern stem: `builtins'
#  Last modified 2022-11-03 09:49:47
#  File has been updated.
#  Successfully updated.
# variable set hash-table stats:
# Load=0/32=0%, Rehash=0, Collisions=0/0=0%
#  commands to execute (from `Makefile', line 51):
	@mkdir -p $(OBJS_DIR)
	@$(CC) -I includes -I libft $(INC_RL) -c $< -o $@
	

objs/here_doc.o: srcs/here_doc.c
#  Implicit rule search has been done.
#  Implicit/static pattern stem: `here_doc'
#  Last modified 2022-11-03 09:49:46
#  File has been updated.
#  Successfully updated.
# variable set hash-table stats:
# Load=0/32=0%, Rehash=0, Collisions=0/0=0%
#  commands to execute (from `Makefile', line 51):
	@mkdir -p $(OBJS_DIR)
	@$(CC) -I includes -I libft $(INC_RL) -c $< -o $@
	

clean:
#  Phony target (prerequisite of .PHONY).
#  Implicit rule search has not been done.
#  File does not exist.
#  File has not been updated.
#  commands to execute (from `Makefile', line 56):
	@rm -rf $(OBJS_DIR)
	@make clean -C ./libft
	@echo "$(YELLOW)Cleaned.$(NC)"
	

# Not a target:
srcs/parse.c:
#  Implicit rule search has been done.
#  Last modified 2022-10-28 15:32:33
#  File has been updated.
#  Successfully updated.
# variable set hash-table stats:
# Load=0/32=0%, Rehash=0, Collisions=0/0=0%

objs/env.o: srcs/env.c
#  Implicit rule search has been done.
#  Implicit/static pattern stem: `env'
#  Last modified 2022-11-03 09:49:46
#  File has been updated.
#  Successfully updated.
# variable set hash-table stats:
# Load=0/32=0%, Rehash=0, Collisions=0/0=0%
#  commands to execute (from `Makefile', line 51):
	@mkdir -p $(OBJS_DIR)
	@$(CC) -I includes -I libft $(INC_RL) -c $< -o $@
	

# Not a target:
srcs/execution.c:
#  Implicit rule search has been done.
#  Last modified 2022-10-30 15:27:07
#  File has been updated.
#  Successfully updated.
# variable set hash-table stats:
# Load=0/32=0%, Rehash=0, Collisions=0/0=0%

objs/expand_utils.o: srcs/expand_utils.c
#  Implicit rule search has been done.
#  Implicit/static pattern stem: `expand_utils'
#  Last modified 2022-11-03 09:49:46
#  File has been updated.
#  Successfully updated.
# variable set hash-table stats:
# Load=0/32=0%, Rehash=0, Collisions=0/0=0%
#  commands to execute (from `Makefile', line 51):
	@mkdir -p $(OBJS_DIR)
	@$(CC) -I includes -I libft $(INC_RL) -c $< -o $@
	

objs/free2.o: srcs/free2.c
#  Implicit rule search has been done.
#  Implicit/static pattern stem: `free2'
#  Last modified 2022-11-03 09:49:47
#  File has been updated.
#  Successfully updated.
# variable set hash-table stats:
# Load=0/32=0%, Rehash=0, Collisions=0/0=0%
#  commands to execute (from `Makefile', line 51):
	@mkdir -p $(OBJS_DIR)
	@$(CC) -I includes -I libft $(INC_RL) -c $< -o $@
	

# Not a target:
srcs/free1.c:
#  Implicit rule search has been done.
#  Last modified 2022-11-02 12:29:32
#  File has been updated.
#  Successfully updated.
# variable set hash-table stats:
# Load=0/32=0%, Rehash=0, Collisions=0/0=0%

# Not a target:
srcs/builtins.c:
#  Implicit rule search has been done.
#  Last modified 2022-11-03 09:48:46
#  File has been updated.
#  Successfully updated.
# variable set hash-table stats:
# Load=0/32=0%, Rehash=0, Collisions=0/0=0%

objs/node_utils.o: srcs/node_utils.c
#  Implicit rule search has been done.
#  Implicit/static pattern stem: `node_utils'
#  Last modified 2022-11-03 09:49:46
#  File has been updated.
#  Successfully updated.
# variable set hash-table stats:
# Load=0/32=0%, Rehash=0, Collisions=0/0=0%
#  commands to execute (from `Makefile', line 51):
	@mkdir -p $(OBJS_DIR)
	@$(CC) -I includes -I libft $(INC_RL) -c $< -o $@
	

# Not a target:
srcs/here_doc.c:
#  Implicit rule search has been done.
#  Last modified 2022-10-21 12:58:11
#  File has been updated.
#  Successfully updated.
# variable set hash-table stats:
# Load=0/32=0%, Rehash=0, Collisions=0/0=0%

# Not a target:
srcs/env.c:
#  Implicit rule search has been done.
#  Last modified 2022-11-02 12:29:20
#  File has been updated.
#  Successfully updated.
# variable set hash-table stats:
# Load=0/32=0%, Rehash=0, Collisions=0/0=0%

objs/exportenv.o: srcs/exportenv.c
#  Implicit rule search has been done.
#  Implicit/static pattern stem: `exportenv'
#  Last modified 2022-11-03 09:49:47
#  File has been updated.
#  Successfully updated.
# variable set hash-table stats:
# Load=0/32=0%, Rehash=0, Collisions=0/0=0%
#  commands to execute (from `Makefile', line 51):
	@mkdir -p $(OBJS_DIR)
	@$(CC) -I includes -I libft $(INC_RL) -c $< -o $@
	

# Not a target:
srcs/expand_utils.c:
#  Implicit rule search has been done.
#  Last modified 2022-11-02 12:19:30
#  File has been updated.
#  Successfully updated.
# variable set hash-table stats:
# Load=0/32=0%, Rehash=0, Collisions=0/0=0%

# files hash-table stats:
# Load=54/1024=5%, Rehash=0, Collisions=3/166=2%
# VPATH Search Paths

# No `vpath' search paths.

# No general (`VPATH' variable) search path.

# # of strings in strcache: 1
# # of strcache buffers: 1
# strcache size: total = 4096 / max = 4096 / min = 4096 / avg = 4096
# strcache free: total = 4087 / max = 4087 / min = 4087 / avg = 4087

# Finished Make data base on Thu Nov  3 13:18:08 2022

 
